<?xml version="1.0" encoding="UTF-8"?>
<!-- Generated by org.testng.reporters.JUnitReportReporter -->
<testsuite hostname="DESKTOP-BPVNSE6" failures="0" tests="3" name="testNG.BasicsOfTestNG" time="0.007" errors="0" timestamp="2023-12-14T11:44:14 IST" skipped="0">
  <testcase classname="testNG.BasicsOfTestNG" name="MyTest2" time="0.001"/>
  <system-out/>
  <testcase classname="testNG.BasicsOfTestNG" name="MyTest" time="0.005"/>
  <system-out/>
  <testcase classname="testNG.BasicsOfTestNG" name="MyTest1" time="0.001"/>
  <system-out/>
</testsuite> <!-- testNG.BasicsOfTestNG -->
