<?xml version="1.0" encoding="UTF-8"?>
<!-- Generated by org.testng.reporters.JUnitReportReporter -->
<testsuite hostname="DESKTOP-BPVNSE6" failures="0" tests="2" name="testNG.BasicsOfAnotataion" time="0.022" errors="0" timestamp="2023-12-15T06:32:41 IST" skipped="0">
  <testcase classname="testNG.BasicsOfAnotataion" name="TestB" time="0.005"/>
  <system-out/>
  <testcase classname="testNG.BasicsOfAnotataion" name="TestA" time="0.017"/>
  <system-out/>
</testsuite> <!-- testNG.BasicsOfAnotataion -->
